# JRE version: OpenJDK Runtime Environment (11.0.15) (build 11.0.15+0-b2043.56-8887301)
# Java VM: OpenJDK 64-Bit Server VM (11.0.15+0-b2043.56-8887301, mixed mode, tiered, compressed oops, g1 gc, windows-amd64)
Heap:
 garbage-first heap   total 260096K, used 205576K [0x0000000080000000, 0x0000000100000000)
  region size 1024K, 26 young (26624K), 2 survivors (2048K)
 Metaspace       used 96110K, capacity 98791K, committed 99036K, reserved 1134592K
  class space    used 12396K, capacity 13388K, committed 13472K, reserved 1048576K
GC Heap History (20 events):
Event: 15.086 GC heap before
{Heap before GC invocations=15 (full 0):
 garbage-first heap   total 260096K, used 177173K [0x0000000080000000, 0x0000000100000000)
  region size 1024K, 70 young (71680K), 4 survivors (4096K)
 Metaspace       used 72050K, capacity 73913K, committed 74076K, reserved 1114112K
  class space    used 9152K, capacity 9914K, committed 10016K, reserved 1048576K
}
Event: 15.094 GC heap after
{Heap after GC invocations=16 (full 0):
 garbage-first heap   total 260096K, used 113497K [0x0000000080000000, 0x0000000100000000)
  region size 1024K, 8 young (8192K), 8 survivors (8192K)
 Metaspace       used 72050K, capacity 73913K, committed 74076K, reserved 1114112K
  class space    used 9152K, capacity 9914K, committed 10016K, reserved 1048576K
}
Event: 16.673 GC heap before
{Heap before GC invocations=16 (full 0):
 garbage-first heap   total 260096K, used 183129K [0x0000000080000000, 0x0000000100000000)
  region size 1024K, 77 young (78848K), 8 survivors (8192K)
 Metaspace       used 79623K, capacity 81648K, committed 81884K, reserved 1120256K
  class space    used 10316K, capacity 11129K, committed 11168K, reserved 1048576K
}
Event: 16.686 GC heap after
{Heap after GC invocations=17 (full 0):
 garbage-first heap   total 260096K, used 119466K [0x0000000080000000, 0x0000000100000000)
  region size 1024K, 10 young (10240K), 10 survivors (10240K)
 Metaspace       used 79623K, capacity 81648K, committed 81884K, reserved 1120256K
  class space    used 10316K, capacity 11129K, committed 11168K, reserved 1048576K
}
Event: 17.086 GC heap before
{Heap before GC invocations=17 (full 0):
 garbage-first heap   total 260096K, used 136874K [0x0000000080000000, 0x0000000100000000)
  region size 1024K, 28 young (28672K), 10 survivors (10240K)
 Metaspace       used 81833K, capacity 83842K, committed 84188K, reserved 1122304K
  class space    used 10514K, capacity 11301K, committed 11424K, reserved 1048576K
}
Event: 17.097 GC heap after
{Heap after GC invocations=18 (full 0):
 garbage-first heap   total 260096K, used 122463K [0x0000000080000000, 0x0000000100000000)
  region size 1024K, 9 young (9216K), 9 survivors (9216K)
 Metaspace       used 81833K, capacity 83842K, committed 84188K, reserved 1122304K
  class space    used 10514K, capacity 11301K, committed 11424K, reserved 1048576K
}
Event: 17.291 GC heap before
{Heap before GC invocations=19 (full 0):
 garbage-first heap   total 260096K, used 140895K [0x0000000080000000, 0x0000000100000000)
  region size 1024K, 11 young (11264K), 9 survivors (9216K)
 Metaspace       used 81833K, capacity 83842K, committed 84188K, reserved 1122304K
  class space    used 10514K, capacity 11301K, committed 11424K, reserved 1048576K
}
Event: 17.300 GC heap after
{Heap after GC invocations=20 (full 0):
 garbage-first heap   total 260096K, used 140747K [0x0000000080000000, 0x0000000100000000)
  region size 1024K, 5 young (5120K), 5 survivors (5120K)
 Metaspace       used 81833K, capacity 83842K, committed 84188K, reserved 1122304K
  class space    used 10514K, capacity 11301K, committed 11424K, reserved 1048576K
}
Event: 17.923 GC heap before
{Heap before GC invocations=21 (full 0):
 garbage-first heap   total 260096K, used 220619K [0x0000000080000000, 0x0000000100000000)
  region size 1024K, 62 young (63488K), 5 survivors (5120K)
 Metaspace       used 84266K, capacity 86569K, committed 86876K, reserved 1124352K
  class space    used 10871K, capacity 11709K, committed 11808K, reserved 1048576K
}
Event: 17.932 GC heap after
{Heap after GC invocations=22 (full 0):
 garbage-first heap   total 260096K, used 169076K [0x0000000080000000, 0x0000000100000000)
  region size 1024K, 8 young (8192K), 8 survivors (8192K)
 Metaspace       used 84266K, capacity 86569K, committed 86876K, reserved 1124352K
  class space    used 10871K, capacity 11709K, committed 11808K, reserved 1048576K
}
Event: 18.453 GC heap before
{Heap before GC invocations=22 (full 0):
 garbage-first heap   total 260096K, used 213108K [0x0000000080000000, 0x0000000100000000)
  region size 1024K, 51 young (52224K), 8 survivors (8192K)
 Metaspace       used 85396K, capacity 87734K, committed 87772K, reserved 1126400K
  class space    used 11008K, capacity 11918K, committed 11936K, reserved 1048576K
}
Event: 18.463 GC heap after
{Heap after GC invocations=23 (full 0):
 garbage-first heap   total 260096K, used 171566K [0x0000000080000000, 0x0000000100000000)
  region size 1024K, 3 young (3072K), 3 survivors (3072K)
 Metaspace       used 85396K, capacity 87734K, committed 87772K, reserved 1126400K
  class space    used 11008K, capacity 11918K, committed 11936K, reserved 1048576K
}
Event: 19.121 GC heap before
{Heap before GC invocations=24 (full 0):
 garbage-first heap   total 260096K, used 215598K [0x0000000080000000, 0x0000000100000000)
  region size 1024K, 46 young (47104K), 3 survivors (3072K)
 Metaspace       used 87811K, capacity 90239K, committed 90460K, reserved 1128448K
  class space    used 11381K, capacity 12308K, committed 12320K, reserved 1048576K
}
Event: 19.127 GC heap after
{Heap after GC invocations=25 (full 0):
 garbage-first heap   total 260096K, used 173352K [0x0000000080000000, 0x0000000100000000)
  region size 1024K, 4 young (4096K), 4 survivors (4096K)
 Metaspace       used 87811K, capacity 90239K, committed 90460K, reserved 1128448K
  class space    used 11381K, capacity 12308K, committed 12320K, reserved 1048576K
}
Event: 19.866 GC heap before
{Heap before GC invocations=25 (full 0):
 garbage-first heap   total 260096K, used 217384K [0x0000000080000000, 0x0000000100000000)
  region size 1024K, 47 young (48128K), 4 survivors (4096K)
 Metaspace       used 90808K, capacity 93287K, committed 93532K, reserved 1130496K
  class space    used 11802K, capacity 12778K, committed 12832K, reserved 1048576K
}
Event: 19.875 GC heap after
{Heap after GC invocations=26 (full 0):
 garbage-first heap   total 260096K, used 176237K [0x0000000080000000, 0x0000000100000000)
  region size 1024K, 5 young (5120K), 5 survivors (5120K)
 Metaspace       used 90808K, capacity 93287K, committed 93532K, reserved 1130496K
  class space    used 11802K, capacity 12778K, committed 12832K, reserved 1048576K
}
Event: 20.549 GC heap before
{Heap before GC invocations=27 (full 0):
 garbage-first heap   total 260096K, used 219245K [0x0000000080000000, 0x0000000100000000)
  region size 1024K, 47 young (48128K), 5 survivors (5120K)
 Metaspace       used 93473K, capacity 96103K, committed 96220K, reserved 1132544K
  class space    used 12149K, capacity 13132K, committed 13216K, reserved 1048576K
}
Event: 20.558 GC heap after
{Heap after GC invocations=28 (full 0):
 garbage-first heap   total 260096K, used 179704K [0x0000000080000000, 0x0000000100000000)
  region size 1024K, 6 young (6144K), 6 survivors (6144K)
 Metaspace       used 93473K, capacity 96103K, committed 96220K, reserved 1132544K
  class space    used 12149K, capacity 13132K, committed 13216K, reserved 1048576K
}
Event: 20.682 GC heap before
{Heap before GC invocations=28 (full 0):
 garbage-first heap   total 260096K, used 204280K [0x0000000080000000, 0x0000000100000000)
  region size 1024K, 31 young (31744K), 6 survivors (6144K)
 Metaspace       used 94440K, capacity 97063K, committed 97372K, reserved 1134592K
  class space    used 12251K, capacity 13260K, committed 13344K, reserved 1048576K
}
Event: 20.691 GC heap after
{Heap after GC invocations=29 (full 0):
 garbage-first heap   total 260096K, used 181000K [0x0000000080000000, 0x0000000100000000)
  region size 1024K, 2 young (2048K), 2 survivors (2048K)
 Metaspace       used 94440K, capacity 97063K, committed 97372K, reserved 1134592K
  class space    used 12251K, capacity 13260K, committed 13344K, reserved 1048576K
}

